  [1m[36m (25.1ms)[0m  [1mCREATE TABLE "schema_migrations" ("version" character varying(255) NOT NULL) [0m
  [1m[35m (1.8ms)[0m  CREATE UNIQUE INDEX  "unique_schema_migrations" ON "schema_migrations"  ("version")
  [1m[36mActiveRecord::SchemaMigration Load (0.4ms)[0m  [1mSELECT "schema_migrations".* FROM "schema_migrations"[0m
Migrating to CreateQuestions (20140614153326)
  [1m[35m (0.1ms)[0m  BEGIN
  [1m[36m (23.5ms)[0m  [1mCREATE TABLE "questions" ("id" serial primary key, "body" character varying(255) NOT NULL, "created_at" timestamp, "updated_at" timestamp) [0m
  [1m[35mSQL (6.2ms)[0m  INSERT INTO "schema_migrations" ("version") VALUES ($1)  [["version", "20140614153326"]]
  [1m[36m (6.0ms)[0m  [1mCOMMIT[0m
Migrating to CreateReplies (20140614153545)
  [1m[35m (6.3ms)[0m  BEGIN
  [1m[36m (3.5ms)[0m  [1mCREATE TABLE "replies" ("id" serial primary key, "body" text NOT NULL, "created_at" timestamp, "updated_at" timestamp) [0m
  [1m[35mSQL (0.3ms)[0m  INSERT INTO "schema_migrations" ("version") VALUES ($1)  [["version", "20140614153545"]]
  [1m[36m (0.5ms)[0m  [1mCOMMIT[0m
Migrating to CreateHyperlinks (20140614154409)
  [1m[35m (0.2ms)[0m  BEGIN
  [1m[36m (2.6ms)[0m  [1mCREATE TABLE "hyperlinks" ("id" serial primary key, "url" character varying(255) NOT NULL, "body" text, "created_at" timestamp, "updated_at" timestamp) [0m
  [1m[35mSQL (0.2ms)[0m  INSERT INTO "schema_migrations" ("version") VALUES ($1)  [["version", "20140614154409"]]
  [1m[36m (0.4ms)[0m  [1mCOMMIT[0m
  [1m[35mActiveRecord::SchemaMigration Load (0.4ms)[0m  SELECT "schema_migrations".* FROM "schema_migrations"
  [1m[36mActiveRecord::SchemaMigration Load (0.3ms)[0m  [1mSELECT "schema_migrations".* FROM "schema_migrations"[0m
  [1m[35mActiveRecord::SchemaMigration Load (0.4ms)[0m  SELECT "schema_migrations".* FROM "schema_migrations"
Migrating to CreateHyperlinks (20140614154409)
  [1m[36m (0.3ms)[0m  [1mBEGIN[0m
  [1m[35m (2.1ms)[0m  DROP TABLE "hyperlinks"
  [1m[36mSQL (0.7ms)[0m  [1mDELETE FROM "schema_migrations" WHERE "schema_migrations"."version" = '20140614154409'[0m
  [1m[35m (7.3ms)[0m  COMMIT
  [1m[36mActiveRecord::SchemaMigration Load (0.3ms)[0m  [1mSELECT "schema_migrations".* FROM "schema_migrations"[0m
  [1m[36mActiveRecord::SchemaMigration Load (0.4ms)[0m  [1mSELECT "schema_migrations".* FROM "schema_migrations"[0m
Migrating to CreateHyperlinks (20140614154409)
  [1m[35m (0.1ms)[0m  BEGIN
  [1m[36m (5.3ms)[0m  [1mCREATE TABLE "hyperlinks" ("id" serial primary key, "url" character varying(255) NOT NULL, "body" text, "created_at" timestamp, "updated_at" timestamp) [0m
  [1m[35mSQL (0.2ms)[0m  INSERT INTO "schema_migrations" ("version") VALUES ($1)  [["version", "20140614154409"]]
  [1m[36m (0.5ms)[0m  [1mCOMMIT[0m
  [1m[35mActiveRecord::SchemaMigration Load (0.2ms)[0m  SELECT "schema_migrations".* FROM "schema_migrations"
  [1m[36mActiveRecord::SchemaMigration Load (0.4ms)[0m  [1mSELECT "schema_migrations".* FROM "schema_migrations"[0m
Migrating to CreateTags (20140614162807)
  [1m[35m (0.1ms)[0m  BEGIN
  [1m[36m (6.5ms)[0m  [1mCREATE TABLE "tags" ("id" serial primary key, "name" character varying(255) NOT NULL, "created_at" timestamp, "updated_at" timestamp) [0m
  [1m[35mSQL (0.3ms)[0m  INSERT INTO "schema_migrations" ("version") VALUES ($1)  [["version", "20140614162807"]]
  [1m[36m (0.7ms)[0m  [1mCOMMIT[0m
  [1m[35mActiveRecord::SchemaMigration Load (0.2ms)[0m  SELECT "schema_migrations".* FROM "schema_migrations"
  [1m[36mActiveRecord::SchemaMigration Load (0.4ms)[0m  [1mSELECT "schema_migrations".* FROM "schema_migrations"[0m
  [1m[35mActiveRecord::SchemaMigration Load (0.2ms)[0m  SELECT "schema_migrations".* FROM "schema_migrations"
Migrating to CreateTags (20140614162807)
  [1m[36m (0.1ms)[0m  [1mBEGIN[0m
  [1m[35m (1.1ms)[0m  DROP TABLE "tags"
  [1m[36mSQL (0.6ms)[0m  [1mDELETE FROM "schema_migrations" WHERE "schema_migrations"."version" = '20140614162807'[0m
  [1m[35m (1.0ms)[0m  COMMIT
  [1m[36mActiveRecord::SchemaMigration Load (0.2ms)[0m  [1mSELECT "schema_migrations".* FROM "schema_migrations"[0m
  [1m[36mActiveRecord::SchemaMigration Load (0.5ms)[0m  [1mSELECT "schema_migrations".* FROM "schema_migrations"[0m
Migrating to CreateTags (20140614162807)
  [1m[35m (0.2ms)[0m  BEGIN
  [1m[36m (5.2ms)[0m  [1mCREATE TABLE "tags" ("id" serial primary key, "name" character varying(255) NOT NULL, "created_at" timestamp, "updated_at" timestamp) [0m
  [1m[35mSQL (0.3ms)[0m  INSERT INTO "schema_migrations" ("version") VALUES ($1)  [["version", "20140614162807"]]
  [1m[36m (0.5ms)[0m  [1mCOMMIT[0m
  [1m[35mActiveRecord::SchemaMigration Load (0.2ms)[0m  SELECT "schema_migrations".* FROM "schema_migrations"
  [1m[36mActiveRecord::SchemaMigration Load (0.4ms)[0m  [1mSELECT "schema_migrations".* FROM "schema_migrations"[0m
Migrating to CreateTaggings (20140614163112)
  [1m[35m (0.1ms)[0m  BEGIN
  [1m[36m (3.1ms)[0m  [1mCREATE TABLE "taggings" ("id" serial primary key, "taggable_id" integer, "taggable_type" character varying(255), "created_at" timestamp, "updated_at" timestamp) [0m
  [1m[35mSQL (0.2ms)[0m  INSERT INTO "schema_migrations" ("version") VALUES ($1)  [["version", "20140614163112"]]
  [1m[36m (0.6ms)[0m  [1mCOMMIT[0m
  [1m[35mActiveRecord::SchemaMigration Load (0.3ms)[0m  SELECT "schema_migrations".* FROM "schema_migrations"
  [1m[36m (121.5ms)[0m  [1mDROP DATABASE IF EXISTS "server_test"[0m
  [1m[35m (248.0ms)[0m  CREATE DATABASE "server_test" ENCODING = 'unicode'
  [1m[36mSQL (0.8ms)[0m  [1mCREATE EXTENSION IF NOT EXISTS "plpgsql"[0m
  [1m[35m (5.1ms)[0m  CREATE TABLE "hyperlinks" ("id" serial primary key, "url" character varying(255) NOT NULL, "body" text, "created_at" timestamp, "updated_at" timestamp) 
  [1m[36m (2.1ms)[0m  [1mCREATE TABLE "questions" ("id" serial primary key, "body" character varying(255) NOT NULL, "created_at" timestamp, "updated_at" timestamp) [0m
  [1m[35m (3.3ms)[0m  CREATE TABLE "replies" ("id" serial primary key, "body" text NOT NULL, "created_at" timestamp, "updated_at" timestamp) 
  [1m[36m (2.0ms)[0m  [1mCREATE TABLE "taggings" ("id" serial primary key, "taggable_id" integer, "taggable_type" character varying(255), "created_at" timestamp, "updated_at" timestamp) [0m
  [1m[35m (2.1ms)[0m  CREATE TABLE "tags" ("id" serial primary key, "name" character varying(255) NOT NULL, "created_at" timestamp, "updated_at" timestamp) 
  [1m[36m (0.8ms)[0m  [1mCREATE TABLE "schema_migrations" ("version" character varying(255) NOT NULL) [0m
  [1m[35m (1.1ms)[0m  CREATE UNIQUE INDEX  "unique_schema_migrations" ON "schema_migrations"  ("version")
  [1m[36m (0.2ms)[0m  [1mSELECT version FROM "schema_migrations"[0m
  [1m[35m (0.7ms)[0m  INSERT INTO "schema_migrations" (version) VALUES ('20140614163112')
  [1m[36m (0.6ms)[0m  [1mINSERT INTO "schema_migrations" (version) VALUES ('20140614153326')[0m
  [1m[35m (0.3ms)[0m  INSERT INTO "schema_migrations" (version) VALUES ('20140614153545')
  [1m[36m (0.3ms)[0m  [1mINSERT INTO "schema_migrations" (version) VALUES ('20140614154409')[0m
  [1m[35m (0.3ms)[0m  INSERT INTO "schema_migrations" (version) VALUES ('20140614162807')
  [1m[36mActiveRecord::SchemaMigration Load (0.4ms)[0m  [1mSELECT "schema_migrations".* FROM "schema_migrations"[0m
Migrating to AddTagIdToTagging (20140614171251)
  [1m[35m (0.2ms)[0m  BEGIN
  [1m[36m (0.5ms)[0m  [1mALTER TABLE "tagging" ADD COLUMN "tag_id" integer[0m
PG::UndefinedTable: ERROR:  relation "tagging" does not exist
: ALTER TABLE "tagging" ADD COLUMN "tag_id" integer
  [1m[35m (0.1ms)[0m  ROLLBACK
  [1m[36mActiveRecord::SchemaMigration Load (0.4ms)[0m  [1mSELECT "schema_migrations".* FROM "schema_migrations"[0m
Migrating to AddTagIdToTagging (20140614171251)
  [1m[35m (0.2ms)[0m  BEGIN
  [1m[36m (2.7ms)[0m  [1mALTER TABLE "taggings" ADD COLUMN "tag_id" integer NOT NULL[0m
  [1m[35mSQL (0.2ms)[0m  INSERT INTO "schema_migrations" ("version") VALUES ($1)  [["version", "20140614171251"]]
  [1m[36m (0.5ms)[0m  [1mCOMMIT[0m
  [1m[35mActiveRecord::SchemaMigration Load (0.2ms)[0m  SELECT "schema_migrations".* FROM "schema_migrations"
  [1m[36mActiveRecord::SchemaMigration Load (0.4ms)[0m  [1mSELECT "schema_migrations".* FROM "schema_migrations"[0m
  [1m[35mActiveRecord::SchemaMigration Load (0.2ms)[0m  SELECT "schema_migrations".* FROM "schema_migrations"
Migrating to AddTagIdToTagging (20140614171251)
  [1m[36m (0.1ms)[0m  [1mBEGIN[0m
  [1m[35m (0.7ms)[0m  ALTER TABLE "taggings" DROP "tag_id"
  [1m[36mSQL (0.6ms)[0m  [1mDELETE FROM "schema_migrations" WHERE "schema_migrations"."version" = '20140614171251'[0m
  [1m[35m (2.0ms)[0m  COMMIT
  [1m[36mActiveRecord::SchemaMigration Load (0.3ms)[0m  [1mSELECT "schema_migrations".* FROM "schema_migrations"[0m
  [1m[36mActiveRecord::SchemaMigration Load (0.7ms)[0m  [1mSELECT "schema_migrations".* FROM "schema_migrations"[0m
Migrating to AddTagIdToTagging (20140614171251)
  [1m[35m (0.2ms)[0m  BEGIN
  [1m[36m (0.6ms)[0m  [1mALTER TABLE "taggings" ADD COLUMN "tag_id" integer NOT NULL[0m
  [1m[35mSQL (0.3ms)[0m  INSERT INTO "schema_migrations" ("version") VALUES ($1)  [["version", "20140614171251"]]
  [1m[36m (1.7ms)[0m  [1mCOMMIT[0m
  [1m[35mActiveRecord::SchemaMigration Load (0.2ms)[0m  SELECT "schema_migrations".* FROM "schema_migrations"
  [1m[36m (117.9ms)[0m  [1mDROP DATABASE IF EXISTS "server_test"[0m
  [1m[35m (245.9ms)[0m  CREATE DATABASE "server_test" ENCODING = 'unicode'
  [1m[36mSQL (0.4ms)[0m  [1mCREATE EXTENSION IF NOT EXISTS "plpgsql"[0m
  [1m[35m (6.4ms)[0m  CREATE TABLE "hyperlinks" ("id" serial primary key, "url" character varying(255) NOT NULL, "body" text, "created_at" timestamp, "updated_at" timestamp) 
  [1m[36m (3.0ms)[0m  [1mCREATE TABLE "questions" ("id" serial primary key, "body" character varying(255) NOT NULL, "created_at" timestamp, "updated_at" timestamp) [0m
  [1m[35m (2.9ms)[0m  CREATE TABLE "replies" ("id" serial primary key, "body" text NOT NULL, "created_at" timestamp, "updated_at" timestamp) 
  [1m[36m (2.1ms)[0m  [1mCREATE TABLE "taggings" ("id" serial primary key, "taggable_id" integer, "taggable_type" character varying(255), "created_at" timestamp, "updated_at" timestamp, "tag_id" integer NOT NULL) [0m
  [1m[35m (2.1ms)[0m  CREATE TABLE "tags" ("id" serial primary key, "name" character varying(255) NOT NULL, "created_at" timestamp, "updated_at" timestamp) 
  [1m[36m (0.8ms)[0m  [1mCREATE TABLE "schema_migrations" ("version" character varying(255) NOT NULL) [0m
  [1m[35m (1.0ms)[0m  CREATE UNIQUE INDEX  "unique_schema_migrations" ON "schema_migrations"  ("version")
  [1m[36m (0.2ms)[0m  [1mSELECT version FROM "schema_migrations"[0m
  [1m[35m (0.5ms)[0m  INSERT INTO "schema_migrations" (version) VALUES ('20140614171251')
  [1m[36m (0.4ms)[0m  [1mINSERT INTO "schema_migrations" (version) VALUES ('20140614153326')[0m
  [1m[35m (0.4ms)[0m  INSERT INTO "schema_migrations" (version) VALUES ('20140614153545')
  [1m[36m (0.3ms)[0m  [1mINSERT INTO "schema_migrations" (version) VALUES ('20140614154409')[0m
  [1m[35m (0.3ms)[0m  INSERT INTO "schema_migrations" (version) VALUES ('20140614162807')
  [1m[36m (0.3ms)[0m  [1mINSERT INTO "schema_migrations" (version) VALUES ('20140614163112')[0m
  [1m[36mActiveRecord::SchemaMigration Load (0.4ms)[0m  [1mSELECT "schema_migrations".* FROM "schema_migrations"[0m
  [1m[35mActiveRecord::SchemaMigration Load (0.2ms)[0m  SELECT "schema_migrations".* FROM "schema_migrations"
  [1m[36mActiveRecord::SchemaMigration Load (0.4ms)[0m  [1mSELECT "schema_migrations".* FROM "schema_migrations"[0m
  [1m[35mActiveRecord::SchemaMigration Load (0.2ms)[0m  SELECT "schema_migrations".* FROM "schema_migrations"
  [1m[36mActiveRecord::SchemaMigration Load (0.4ms)[0m  [1mSELECT "schema_migrations".* FROM "schema_migrations"[0m
  [1m[35mActiveRecord::SchemaMigration Load (0.2ms)[0m  SELECT "schema_migrations".* FROM "schema_migrations"
  [1m[36mActiveRecord::SchemaMigration Load (0.5ms)[0m  [1mSELECT "schema_migrations".* FROM "schema_migrations"[0m
Migrating to AddQuestionIdToReplies (20140614175916)
  [1m[35m (0.2ms)[0m  BEGIN
  [1m[36m (0.1ms)[0m  [1mROLLBACK[0m
  [1m[36mActiveRecord::SchemaMigration Load (0.6ms)[0m  [1mSELECT "schema_migrations".* FROM "schema_migrations"[0m
Migrating to AddQuestionIdToReplies (20140614175916)
  [1m[35m (0.2ms)[0m  BEGIN
  [1m[36m (0.8ms)[0m  [1mALTER TABLE "replies" ADD COLUMN "question_id" integer NOT NULL[0m
  [1m[35mSQL (0.2ms)[0m  INSERT INTO "schema_migrations" ("version") VALUES ($1)  [["version", "20140614175916"]]
  [1m[36m (1.7ms)[0m  [1mCOMMIT[0m
  [1m[35mActiveRecord::SchemaMigration Load (0.2ms)[0m  SELECT "schema_migrations".* FROM "schema_migrations"
  [1m[36m (118.6ms)[0m  [1mDROP DATABASE IF EXISTS "server_test"[0m
  [1m[35m (244.6ms)[0m  CREATE DATABASE "server_test" ENCODING = 'unicode'
  [1m[36mSQL (0.3ms)[0m  [1mCREATE EXTENSION IF NOT EXISTS "plpgsql"[0m
  [1m[35m (6.2ms)[0m  CREATE TABLE "hyperlinks" ("id" serial primary key, "url" character varying(255) NOT NULL, "body" text, "created_at" timestamp, "updated_at" timestamp) 
  [1m[36m (2.3ms)[0m  [1mCREATE TABLE "questions" ("id" serial primary key, "body" character varying(255) NOT NULL, "created_at" timestamp, "updated_at" timestamp) [0m
  [1m[35m (3.1ms)[0m  CREATE TABLE "replies" ("id" serial primary key, "body" text NOT NULL, "created_at" timestamp, "updated_at" timestamp, "question_id" integer NOT NULL) 
  [1m[36m (2.1ms)[0m  [1mCREATE TABLE "taggings" ("id" serial primary key, "taggable_id" integer, "taggable_type" character varying(255), "created_at" timestamp, "updated_at" timestamp, "tag_id" integer NOT NULL) [0m
  [1m[35m (2.1ms)[0m  CREATE TABLE "tags" ("id" serial primary key, "name" character varying(255) NOT NULL, "created_at" timestamp, "updated_at" timestamp) 
  [1m[36m (0.8ms)[0m  [1mCREATE TABLE "schema_migrations" ("version" character varying(255) NOT NULL) [0m
  [1m[35m (1.0ms)[0m  CREATE UNIQUE INDEX  "unique_schema_migrations" ON "schema_migrations"  ("version")
  [1m[36m (0.3ms)[0m  [1mSELECT version FROM "schema_migrations"[0m
  [1m[35m (0.5ms)[0m  INSERT INTO "schema_migrations" (version) VALUES ('20140614175916')
  [1m[36m (0.5ms)[0m  [1mINSERT INTO "schema_migrations" (version) VALUES ('20140614153326')[0m
  [1m[35m (0.3ms)[0m  INSERT INTO "schema_migrations" (version) VALUES ('20140614153545')
  [1m[36m (0.3ms)[0m  [1mINSERT INTO "schema_migrations" (version) VALUES ('20140614154409')[0m
  [1m[35m (0.3ms)[0m  INSERT INTO "schema_migrations" (version) VALUES ('20140614162807')
  [1m[36m (0.3ms)[0m  [1mINSERT INTO "schema_migrations" (version) VALUES ('20140614163112')[0m
  [1m[35m (0.3ms)[0m  INSERT INTO "schema_migrations" (version) VALUES ('20140614171251')
